# JRE version: OpenJDK Runtime Environment Temurin-21.0.9+10 (21.0.9+10) (build 21.0.9+10-LTS)
# Java VM: OpenJDK 64-Bit Server VM Temurin-21.0.9+10 (21.0.9+10-LTS, mixed mode, sharing, tiered, compressed oops, compressed class ptrs, g1 gc, windows-amd64)
GC Precious Log:
 CardTable entry size: 512
 Card Set container configuration: InlinePtr #cards 4 size 8 Array Of Cards #cards 16 size 48 Howl #buckets 8 coarsen threshold 3686 Howl Bitmap #cards 512 size 80 coarsen threshold 460 Card regions per heap region 1 cards per card region 4096
 CPUs: 2 total, 2 available
 Memory: 16251M
 Large Page Support: Disabled
 NUMA Support: Disabled
 Compressed Oops: Enabled (Zero based)
 Heap Region Size: 2M
 Heap Min Capacity: 8M
 Heap Initial Capacity: 254M
 Heap Max Capacity: 3G
 Pre-touch: Disabled
 Parallel Workers: 2
 Concurrent Workers: 1
 Concurrent Refinement Workers: 2
 Periodic GC: Disabled
Heap:
 garbage-first heap   total 880640K, used 704512K [0x0000000740000000, 0x0000000800000000)
  region size 2048K, 6 young (12288K), 6 survivors (12288K)
 Metaspace       used 78052K, committed 82304K, reserved 1179648K
  class space    used 10505K, committed 12160K, reserved 1048576K
GC Heap History (20 events):
Event: 2630.195 GC heap after
{Heap after GC invocations=76 (full 0):
 garbage-first heap   total 745472K, used 481280K [0x0000000740000000, 0x0000000800000000)
  region size 2048K, 9 young (18432K), 9 survivors (18432K)
 Metaspace       used 79970K, committed 82240K, reserved 1179648K
  class space    used 11034K, committed 12160K, reserved 1048576K
}
Event: 2630.206 GC heap before
{Heap before GC invocations=76 (full 0):
 garbage-first heap   total 745472K, used 493568K [0x0000000740000000, 0x0000000800000000)
  region size 2048K, 16 young (32768K), 9 survivors (18432K)
 Metaspace       used 79970K, committed 82240K, reserved 1179648K
  class space    used 11034K, committed 12160K, reserved 1048576K
}
Event: 2630.259 GC heap after
{Heap after GC invocations=77 (full 0):
 garbage-first heap   total 1705984K, used 492544K [0x0000000740000000, 0x0000000800000000)
  region size 2048K, 5 young (10240K), 5 survivors (10240K)
 Metaspace       used 79970K, committed 82240K, reserved 1179648K
  class space    used 11034K, committed 12160K, reserved 1048576K
}
Event: 3019.803 GC heap before
{Heap before GC invocations=78 (full 0):
 garbage-first heap   total 880640K, used 613376K [0x0000000740000000, 0x0000000800000000)
  region size 2048K, 113 young (231424K), 5 survivors (10240K)
 Metaspace       used 78457K, committed 82240K, reserved 1179648K
  class space    used 10652K, committed 12160K, reserved 1048576K
}
Event: 3019.942 GC heap after
{Heap after GC invocations=79 (full 0):
 garbage-first heap   total 880640K, used 356352K [0x0000000740000000, 0x0000000800000000)
  region size 2048K, 15 young (30720K), 15 survivors (30720K)
 Metaspace       used 78457K, committed 82240K, reserved 1179648K
  class space    used 10652K, committed 12160K, reserved 1048576K
}
Event: 3020.972 GC heap before
{Heap before GC invocations=79 (full 0):
 garbage-first heap   total 880640K, used 608256K [0x0000000740000000, 0x0000000800000000)
  region size 2048K, 68 young (139264K), 15 survivors (30720K)
 Metaspace       used 78470K, committed 82240K, reserved 1179648K
  class space    used 10652K, committed 12160K, reserved 1048576K
}
Event: 3021.131 GC heap after
{Heap after GC invocations=80 (full 0):
 garbage-first heap   total 880640K, used 391168K [0x0000000740000000, 0x0000000800000000)
  region size 2048K, 9 young (18432K), 9 survivors (18432K)
 Metaspace       used 78470K, committed 82240K, reserved 1179648K
  class space    used 10652K, committed 12160K, reserved 1048576K
}
Event: 3021.250 GC heap before
{Heap before GC invocations=80 (full 0):
 garbage-first heap   total 880640K, used 536576K [0x0000000740000000, 0x0000000800000000)
  region size 2048K, 81 young (165888K), 9 survivors (18432K)
 Metaspace       used 78470K, committed 82240K, reserved 1179648K
  class space    used 10652K, committed 12160K, reserved 1048576K
}
Event: 3021.393 GC heap after
{Heap after GC invocations=81 (full 0):
 garbage-first heap   total 880640K, used 484352K [0x0000000740000000, 0x0000000800000000)
  region size 2048K, 14 young (28672K), 14 survivors (28672K)
 Metaspace       used 78470K, committed 82240K, reserved 1179648K
  class space    used 10652K, committed 12160K, reserved 1048576K
}
Event: 3022.195 GC heap before
{Heap before GC invocations=82 (full 0):
 garbage-first heap   total 880640K, used 540672K [0x0000000740000000, 0x0000000800000000)
  region size 2048K, 88 young (180224K), 14 survivors (28672K)
 Metaspace       used 77856K, committed 82240K, reserved 1179648K
  class space    used 10500K, committed 12160K, reserved 1048576K
}
Event: 3022.360 GC heap after
{Heap after GC invocations=83 (full 0):
 garbage-first heap   total 880640K, used 459776K [0x0000000740000000, 0x0000000800000000)
  region size 2048K, 11 young (22528K), 11 survivors (22528K)
 Metaspace       used 77856K, committed 82240K, reserved 1179648K
  class space    used 10500K, committed 12160K, reserved 1048576K
}
Event: 3225.267 GC heap before
{Heap before GC invocations=83 (full 0):
 garbage-first heap   total 880640K, used 609280K [0x0000000740000000, 0x0000000800000000)
  region size 2048K, 67 young (137216K), 11 survivors (22528K)
 Metaspace       used 77931K, committed 82304K, reserved 1179648K
  class space    used 10502K, committed 12160K, reserved 1048576K
}
Event: 3225.442 GC heap after
{Heap after GC invocations=84 (full 0):
 garbage-first heap   total 880640K, used 483328K [0x0000000740000000, 0x0000000800000000)
  region size 2048K, 9 young (18432K), 9 survivors (18432K)
 Metaspace       used 77931K, committed 82304K, reserved 1179648K
  class space    used 10502K, committed 12160K, reserved 1048576K
}
Event: 3245.148 GC heap before
{Heap before GC invocations=84 (full 0):
 garbage-first heap   total 880640K, used 776192K [0x0000000740000000, 0x0000000800000000)
  region size 2048K, 57 young (116736K), 9 survivors (18432K)
 Metaspace       used 78051K, committed 82304K, reserved 1179648K
  class space    used 10505K, committed 12160K, reserved 1048576K
}
Event: 3245.268 GC heap after
{Heap after GC invocations=85 (full 0):
 garbage-first heap   total 880640K, used 514048K [0x0000000740000000, 0x0000000800000000)
  region size 2048K, 8 young (16384K), 8 survivors (16384K)
 Metaspace       used 78051K, committed 82304K, reserved 1179648K
  class space    used 10505K, committed 12160K, reserved 1048576K
}
Event: 3245.347 GC heap before
{Heap before GC invocations=85 (full 0):
 garbage-first heap   total 880640K, used 622592K [0x0000000740000000, 0x0000000800000000)
  region size 2048K, 61 young (124928K), 8 survivors (16384K)
 Metaspace       used 78051K, committed 82304K, reserved 1179648K
  class space    used 10505K, committed 12160K, reserved 1048576K
}
Event: 3245.466 GC heap after
{Heap after GC invocations=86 (full 0):
 garbage-first heap   total 880640K, used 582656K [0x0000000740000000, 0x0000000800000000)
  region size 2048K, 8 young (16384K), 8 survivors (16384K)
 Metaspace       used 78051K, committed 82304K, reserved 1179648K
  class space    used 10505K, committed 12160K, reserved 1048576K
}
Event: 3245.977 GC heap before
{Heap before GC invocations=86 (full 0):
 garbage-first heap   total 880640K, used 709632K [0x0000000740000000, 0x0000000800000000)
  region size 2048K, 61 young (124928K), 8 survivors (16384K)
 Metaspace       used 78052K, committed 82304K, reserved 1179648K
  class space    used 10505K, committed 12160K, reserved 1048576K
}
Event: 3246.257 GC heap after
{Heap after GC invocations=87 (full 0):
 garbage-first heap   total 880640K, used 661504K [0x0000000740000000, 0x0000000800000000)
  region size 2048K, 8 young (16384K), 8 survivors (16384K)
 Metaspace       used 78052K, committed 82304K, reserved 1179648K
  class space    used 10505K, committed 12160K, reserved 1048576K
}
Event: 3247.105 GC heap before
{Heap before GC invocations=87 (full 0):
 garbage-first heap   total 880640K, used 733184K [0x0000000740000000, 0x0000000800000000)
  region size 2048K, 43 young (88064K), 8 survivors (16384K)
 Metaspace       used 78052K, committed 82304K, reserved 1179648K
  class space    used 10505K, committed 12160K, reserved 1048576K
}

