# JRE version: OpenJDK Runtime Environment Temurin-21.0.9+10 (21.0.9+10) (build 21.0.9+10-LTS)
# Java VM: OpenJDK 64-Bit Server VM Temurin-21.0.9+10 (21.0.9+10-LTS, mixed mode, sharing, tiered, compressed oops, compressed class ptrs, g1 gc, windows-amd64)
GC Precious Log:
 CardTable entry size: 512
 Card Set container configuration: InlinePtr #cards 4 size 8 Array Of Cards #cards 16 size 48 Howl #buckets 8 coarsen threshold 3686 Howl Bitmap #cards 512 size 80 coarsen threshold 460 Card regions per heap region 1 cards per card region 4096
 CPUs: 2 total, 2 available
 Memory: 16251M
 Large Page Support: Disabled
 NUMA Support: Disabled
 Compressed Oops: Enabled (Zero based)
 Heap Region Size: 2M
 Heap Min Capacity: 8M
 Heap Initial Capacity: 254M
 Heap Max Capacity: 3G
 Pre-touch: Disabled
 Parallel Workers: 2
 Concurrent Workers: 1
 Concurrent Refinement Workers: 2
 Periodic GC: Disabled
Heap:
 garbage-first heap   total 256000K, used 195584K [0x0000000740000000, 0x0000000800000000)
  region size 2048K, 3 young (6144K), 3 survivors (6144K)
 Metaspace       used 72387K, committed 74432K, reserved 1114112K
  class space    used 10208K, committed 11200K, reserved 1048576K
GC Heap History (20 events):
Event: 17.494 GC heap after
{Heap after GC invocations=16 (full 0):
 garbage-first heap   total 108544K, used 47734K [0x0000000740000000, 0x0000000800000000)
  region size 2048K, 4 young (8192K), 4 survivors (8192K)
 Metaspace       used 58545K, committed 60288K, reserved 1114112K
  class space    used 8129K, committed 9024K, reserved 1048576K
}
Event: 18.847 GC heap before
{Heap before GC invocations=17 (full 0):
 garbage-first heap   total 108544K, used 94838K [0x0000000740000000, 0x0000000800000000)
  region size 2048K, 27 young (55296K), 4 survivors (8192K)
 Metaspace       used 63152K, committed 65024K, reserved 1114112K
  class space    used 8862K, committed 9792K, reserved 1048576K
}
Event: 18.860 GC heap after
{Heap after GC invocations=18 (full 0):
 garbage-first heap   total 108544K, used 51062K [0x0000000740000000, 0x0000000800000000)
  region size 2048K, 4 young (8192K), 4 survivors (8192K)
 Metaspace       used 63152K, committed 65024K, reserved 1114112K
  class space    used 8862K, committed 9792K, reserved 1048576K
}
Event: 19.515 GC heap before
{Heap before GC invocations=18 (full 0):
 garbage-first heap   total 108544K, used 96118K [0x0000000740000000, 0x0000000800000000)
  region size 2048K, 26 young (53248K), 4 survivors (8192K)
 Metaspace       used 63992K, committed 65920K, reserved 1114112K
  class space    used 8999K, committed 9920K, reserved 1048576K
}
Event: 19.532 GC heap after
{Heap after GC invocations=19 (full 0):
 garbage-first heap   total 112640K, used 55978K [0x0000000740000000, 0x0000000800000000)
  region size 2048K, 4 young (8192K), 4 survivors (8192K)
 Metaspace       used 63992K, committed 65920K, reserved 1114112K
  class space    used 8999K, committed 9920K, reserved 1048576K
}
Event: 20.754 GC heap before
{Heap before GC invocations=19 (full 0):
 garbage-first heap   total 112640K, used 82602K [0x0000000740000000, 0x0000000800000000)
  region size 2048K, 18 young (36864K), 4 survivors (8192K)
 Metaspace       used 65662K, committed 67584K, reserved 1114112K
  class space    used 9257K, committed 10240K, reserved 1048576K
}
Event: 20.768 GC heap after
{Heap after GC invocations=20 (full 0):
 garbage-first heap   total 112640K, used 59710K [0x0000000740000000, 0x0000000800000000)
  region size 2048K, 2 young (4096K), 2 survivors (4096K)
 Metaspace       used 65662K, committed 67584K, reserved 1114112K
  class space    used 9257K, committed 10240K, reserved 1048576K
}
Event: 22.448 GC heap before
{Heap before GC invocations=21 (full 0):
 garbage-first heap   total 157696K, used 153918K [0x0000000740000000, 0x0000000800000000)
  region size 2048K, 18 young (36864K), 2 survivors (4096K)
 Metaspace       used 67902K, committed 69952K, reserved 1114112K
  class space    used 9491K, committed 10496K, reserved 1048576K
}
Event: 22.457 GC heap after
{Heap after GC invocations=22 (full 0):
 garbage-first heap   total 163840K, used 84238K [0x0000000740000000, 0x0000000800000000)
  region size 2048K, 3 young (6144K), 3 survivors (6144K)
 Metaspace       used 67902K, committed 69952K, reserved 1114112K
  class space    used 9491K, committed 10496K, reserved 1048576K
}
Event: 24.819 GC heap before
{Heap before GC invocations=22 (full 0):
 garbage-first heap   total 163840K, used 162062K [0x0000000740000000, 0x0000000800000000)
  region size 2048K, 26 young (53248K), 3 survivors (6144K)
 Metaspace       used 70604K, committed 72576K, reserved 1114112K
  class space    used 9930K, committed 10880K, reserved 1048576K
}
Event: 24.838 GC heap after
{Heap after GC invocations=23 (full 0):
 garbage-first heap   total 176128K, used 66539K [0x0000000740000000, 0x0000000800000000)
  region size 2048K, 5 young (10240K), 5 survivors (10240K)
 Metaspace       used 70604K, committed 72576K, reserved 1114112K
  class space    used 9930K, committed 10880K, reserved 1048576K
}
Event: 25.809 GC heap before
{Heap before GC invocations=23 (full 0):
 garbage-first heap   total 176128K, used 111595K [0x0000000740000000, 0x0000000800000000)
  region size 2048K, 16 young (32768K), 5 survivors (10240K)
 Metaspace       used 72131K, committed 74176K, reserved 1114112K
  class space    used 10182K, committed 11200K, reserved 1048576K
}
Event: 25.843 GC heap after
{Heap after GC invocations=24 (full 0):
 garbage-first heap   total 176128K, used 82833K [0x0000000740000000, 0x0000000800000000)
  region size 2048K, 5 young (10240K), 5 survivors (10240K)
 Metaspace       used 72131K, committed 74176K, reserved 1114112K
  class space    used 10182K, committed 11200K, reserved 1048576K
}
Event: 26.181 GC heap before
{Heap before GC invocations=24 (full 0):
 garbage-first heap   total 176128K, used 156561K [0x0000000740000000, 0x0000000800000000)
  region size 2048K, 39 young (79872K), 5 survivors (10240K)
 Metaspace       used 72252K, committed 74304K, reserved 1114112K
  class space    used 10193K, committed 11200K, reserved 1048576K
}
Event: 26.270 GC heap after
{Heap after GC invocations=25 (full 0):
 garbage-first heap   total 215040K, used 121856K [0x0000000740000000, 0x0000000800000000)
  region size 2048K, 5 young (10240K), 5 survivors (10240K)
 Metaspace       used 72252K, committed 74304K, reserved 1114112K
  class space    used 10193K, committed 11200K, reserved 1048576K
}
Event: 26.455 GC heap before
{Heap before GC invocations=25 (full 0):
 garbage-first heap   total 215040K, used 171008K [0x0000000740000000, 0x0000000800000000)
  region size 2048K, 29 young (59392K), 5 survivors (10240K)
 Metaspace       used 72252K, committed 74304K, reserved 1114112K
  class space    used 10193K, committed 11200K, reserved 1048576K
}
Event: 26.507 GC heap after
{Heap after GC invocations=26 (full 0):
 garbage-first heap   total 215040K, used 153600K [0x0000000740000000, 0x0000000800000000)
  region size 2048K, 4 young (8192K), 4 survivors (8192K)
 Metaspace       used 72252K, committed 74304K, reserved 1114112K
  class space    used 10193K, committed 11200K, reserved 1048576K
}
Event: 26.911 GC heap before
{Heap before GC invocations=27 (full 0):
 garbage-first heap   total 256000K, used 180224K [0x0000000740000000, 0x0000000800000000)
  region size 2048K, 17 young (34816K), 4 survivors (8192K)
 Metaspace       used 72378K, committed 74432K, reserved 1114112K
  class space    used 10206K, committed 11200K, reserved 1048576K
}
Event: 26.939 GC heap after
{Heap after GC invocations=28 (full 0):
 garbage-first heap   total 256000K, used 172032K [0x0000000740000000, 0x0000000800000000)
  region size 2048K, 3 young (6144K), 3 survivors (6144K)
 Metaspace       used 72378K, committed 74432K, reserved 1114112K
  class space    used 10206K, committed 11200K, reserved 1048576K
}
Event: 27.350 GC heap before
{Heap before GC invocations=28 (full 0):
 garbage-first heap   total 256000K, used 206848K [0x0000000740000000, 0x0000000800000000)
  region size 2048K, 20 young (40960K), 3 survivors (6144K)
 Metaspace       used 72387K, committed 74432K, reserved 1114112K
  class space    used 10208K, committed 11200K, reserved 1048576K
}

