# JRE version: OpenJDK Runtime Environment Temurin-21.0.9+10 (21.0.9+10) (build 21.0.9+10-LTS)
# Java VM: OpenJDK 64-Bit Server VM Temurin-21.0.9+10 (21.0.9+10-LTS, mixed mode, sharing, tiered, compressed oops, compressed class ptrs, g1 gc, windows-amd64)
GC Precious Log:
 CardTable entry size: 512
 Card Set container configuration: InlinePtr #cards 4 size 8 Array Of Cards #cards 16 size 48 Howl #buckets 8 coarsen threshold 3686 Howl Bitmap #cards 512 size 80 coarsen threshold 460 Card regions per heap region 1 cards per card region 4096
 CPUs: 2 total, 2 available
 Memory: 16251M
 Large Page Support: Disabled
 NUMA Support: Disabled
 Compressed Oops: Enabled (Zero based)
 Heap Region Size: 2M
 Heap Min Capacity: 8M
 Heap Initial Capacity: 254M
 Heap Max Capacity: 3G
 Pre-touch: Disabled
 Parallel Workers: 2
 Concurrent Workers: 1
 Concurrent Refinement Workers: 2
 Periodic GC: Disabled
Heap:
 garbage-first heap   total 585728K, used 214016K [0x0000000740000000, 0x0000000800000000)
  region size 2048K, 17 young (34816K), 6 survivors (12288K)
 Metaspace       used 73683K, committed 75776K, reserved 1114112K
  class space    used 10434K, committed 11456K, reserved 1048576K
GC Heap History (20 events):
Event: 25.309 GC heap before
{Heap before GC invocations=17 (full 0):
 garbage-first heap   total 108544K, used 95692K [0x0000000740000000, 0x0000000800000000)
  region size 2048K, 26 young (53248K), 3 survivors (6144K)
 Metaspace       used 62543K, committed 64448K, reserved 1114112K
  class space    used 8849K, committed 9792K, reserved 1048576K
}
Event: 25.323 GC heap after
{Heap after GC invocations=18 (full 0):
 garbage-first heap   total 108544K, used 52447K [0x0000000740000000, 0x0000000800000000)
  region size 2048K, 3 young (6144K), 3 survivors (6144K)
 Metaspace       used 62543K, committed 64448K, reserved 1114112K
  class space    used 8849K, committed 9792K, reserved 1048576K
}
Event: 26.283 GC heap before
{Heap before GC invocations=18 (full 0):
 garbage-first heap   total 108544K, used 95455K [0x0000000740000000, 0x0000000800000000)
  region size 2048K, 24 young (49152K), 3 survivors (6144K)
 Metaspace       used 63657K, committed 65600K, reserved 1114112K
  class space    used 9039K, committed 9984K, reserved 1048576K
}
Event: 26.298 GC heap after
{Heap after GC invocations=19 (full 0):
 garbage-first heap   total 108544K, used 57275K [0x0000000740000000, 0x0000000800000000)
  region size 2048K, 3 young (6144K), 3 survivors (6144K)
 Metaspace       used 63657K, committed 65600K, reserved 1114112K
  class space    used 9039K, committed 9984K, reserved 1048576K
}
Event: 26.849 GC heap before
{Heap before GC invocations=19 (full 0):
 garbage-first heap   total 108544K, used 75707K [0x0000000740000000, 0x0000000800000000)
  region size 2048K, 13 young (26624K), 3 survivors (6144K)
 Metaspace       used 64929K, committed 66816K, reserved 1114112K
  class space    used 9224K, committed 10176K, reserved 1048576K
}
Event: 26.867 GC heap after
{Heap after GC invocations=20 (full 0):
 garbage-first heap   total 108544K, used 59203K [0x0000000740000000, 0x0000000800000000)
  region size 2048K, 1 young (2048K), 1 survivors (2048K)
 Metaspace       used 64929K, committed 66816K, reserved 1114112K
  class space    used 9224K, committed 10176K, reserved 1048576K
}
Event: 29.540 GC heap before
{Heap before GC invocations=21 (full 0):
 garbage-first heap   total 182272K, used 180035K [0x0000000740000000, 0x0000000800000000)
  region size 2048K, 15 young (30720K), 1 survivors (2048K)
 Metaspace       used 67352K, committed 69312K, reserved 1114112K
  class space    used 9469K, committed 10432K, reserved 1048576K
}
Event: 29.550 GC heap after
{Heap after GC invocations=22 (full 0):
 garbage-first heap   total 186368K, used 61353K [0x0000000740000000, 0x0000000800000000)
  region size 2048K, 2 young (4096K), 2 survivors (4096K)
 Metaspace       used 67352K, committed 69312K, reserved 1114112K
  class space    used 9469K, committed 10432K, reserved 1048576K
}
Event: 33.083 GC heap before
{Heap before GC invocations=22 (full 0):
 garbage-first heap   total 186368K, used 184233K [0x0000000740000000, 0x0000000800000000)
  region size 2048K, 47 young (96256K), 2 survivors (4096K)
 Metaspace       used 71612K, committed 73664K, reserved 1114112K
  class space    used 10172K, committed 11200K, reserved 1048576K
}
Event: 33.141 GC heap after
{Heap after GC invocations=23 (full 0):
 garbage-first heap   total 219136K, used 94208K [0x0000000740000000, 0x0000000800000000)
  region size 2048K, 7 young (14336K), 7 survivors (14336K)
 Metaspace       used 71612K, committed 73664K, reserved 1114112K
  class space    used 10172K, committed 11200K, reserved 1048576K
}
Event: 33.576 GC heap before
{Heap before GC invocations=23 (full 0):
 garbage-first heap   total 219136K, used 174080K [0x0000000740000000, 0x0000000800000000)
  region size 2048K, 46 young (94208K), 7 survivors (14336K)
 Metaspace       used 71618K, committed 73664K, reserved 1114112K
  class space    used 10172K, committed 11200K, reserved 1048576K
}
Event: 33.656 GC heap after
{Heap after GC invocations=24 (full 0):
 garbage-first heap   total 243712K, used 148480K [0x0000000740000000, 0x0000000800000000)
  region size 2048K, 6 young (12288K), 6 survivors (12288K)
 Metaspace       used 71618K, committed 73664K, reserved 1114112K
  class space    used 10172K, committed 11200K, reserved 1048576K
}
Event: 33.760 GC heap before
{Heap before GC invocations=24 (full 0):
 garbage-first heap   total 243712K, used 191488K [0x0000000740000000, 0x0000000800000000)
  region size 2048K, 27 young (55296K), 6 survivors (12288K)
 Metaspace       used 71730K, committed 73792K, reserved 1114112K
  class space    used 10183K, committed 11200K, reserved 1048576K
}
Event: 33.812 GC heap after
{Heap after GC invocations=25 (full 0):
 garbage-first heap   total 243712K, used 177152K [0x0000000740000000, 0x0000000800000000)
  region size 2048K, 4 young (8192K), 4 survivors (8192K)
 Metaspace       used 71730K, committed 73792K, reserved 1114112K
  class space    used 10183K, committed 11200K, reserved 1048576K
}
Event: 34.290 GC heap before
{Heap before GC invocations=26 (full 0):
 garbage-first heap   total 280576K, used 193536K [0x0000000740000000, 0x0000000800000000)
  region size 2048K, 17 young (34816K), 4 survivors (8192K)
 Metaspace       used 71733K, committed 73792K, reserved 1114112K
  class space    used 10183K, committed 11200K, reserved 1048576K
}
Event: 34.343 GC heap after
{Heap after GC invocations=27 (full 0):
 garbage-first heap   total 280576K, used 187392K [0x0000000740000000, 0x0000000800000000)
  region size 2048K, 3 young (6144K), 3 survivors (6144K)
 Metaspace       used 71733K, committed 73792K, reserved 1114112K
  class space    used 10183K, committed 11200K, reserved 1048576K
}
Event: 41.720 GC heap before
{Heap before GC invocations=27 (full 0):
 garbage-first heap   total 280576K, used 277504K [0x0000000740000000, 0x0000000800000000)
  region size 2048K, 20 young (40960K), 3 survivors (6144K)
 Metaspace       used 72801K, committed 74816K, reserved 1114112K
  class space    used 10303K, committed 11264K, reserved 1048576K
}
Event: 41.750 GC heap after
{Heap after GC invocations=28 (full 0):
 garbage-first heap   total 585728K, used 190815K [0x0000000740000000, 0x0000000800000000)
  region size 2048K, 3 young (6144K), 3 survivors (6144K)
 Metaspace       used 72801K, committed 74816K, reserved 1114112K
  class space    used 10303K, committed 11264K, reserved 1048576K
}
Event: 42.819 GC heap before
{Heap before GC invocations=28 (full 0):
 garbage-first heap   total 585728K, used 217439K [0x0000000740000000, 0x0000000800000000)
  region size 2048K, 17 young (34816K), 3 survivors (6144K)
 Metaspace       used 73047K, committed 75072K, reserved 1114112K
  class space    used 10331K, committed 11328K, reserved 1048576K
}
Event: 42.839 GC heap after
{Heap after GC invocations=29 (full 0):
 garbage-first heap   total 585728K, used 197632K [0x0000000740000000, 0x0000000800000000)
  region size 2048K, 6 young (12288K), 6 survivors (12288K)
 Metaspace       used 73047K, committed 75072K, reserved 1114112K
  class space    used 10331K, committed 11328K, reserved 1048576K
}

