# JRE version: OpenJDK Runtime Environment Temurin-21.0.9+10 (21.0.9+10) (build 21.0.9+10-LTS)
# Java VM: OpenJDK 64-Bit Server VM Temurin-21.0.9+10 (21.0.9+10-LTS, mixed mode, sharing, tiered, compressed oops, compressed class ptrs, g1 gc, windows-amd64)
GC Precious Log:
 CardTable entry size: 512
 Card Set container configuration: InlinePtr #cards 4 size 8 Array Of Cards #cards 16 size 48 Howl #buckets 8 coarsen threshold 3686 Howl Bitmap #cards 512 size 80 coarsen threshold 460 Card regions per heap region 1 cards per card region 4096
 CPUs: 2 total, 2 available
 Memory: 16251M
 Large Page Support: Disabled
 NUMA Support: Disabled
 Compressed Oops: Enabled (Zero based)
 Heap Region Size: 2M
 Heap Min Capacity: 8M
 Heap Initial Capacity: 254M
 Heap Max Capacity: 3G
 Pre-touch: Disabled
 Parallel Workers: 2
 Concurrent Workers: 1
 Concurrent Refinement Workers: 2
 Periodic GC: Disabled
Heap:
 garbage-first heap   total 321536K, used 192512K [0x0000000740000000, 0x0000000800000000)
  region size 2048K, 3 young (6144K), 3 survivors (6144K)
 Metaspace       used 71856K, committed 73920K, reserved 1114112K
  class space    used 10188K, committed 11200K, reserved 1048576K
GC Heap History (20 events):
Event: 24.851 GC heap after
{Heap after GC invocations=42 (full 0):
 garbage-first heap   total 167936K, used 66151K [0x0000000740000000, 0x0000000800000000)
  region size 2048K, 6 young (12288K), 6 survivors (12288K)
 Metaspace       used 71399K, committed 73536K, reserved 1114112K
  class space    used 10165K, committed 11200K, reserved 1048576K
}
Event: 24.974 GC heap before
{Heap before GC invocations=43 (full 0):
 garbage-first heap   total 167936K, used 68199K [0x0000000740000000, 0x0000000800000000)
  region size 2048K, 7 young (14336K), 6 survivors (12288K)
 Metaspace       used 71400K, committed 73536K, reserved 1114112K
  class space    used 10165K, committed 11200K, reserved 1048576K
}
Event: 24.989 GC heap after
{Heap after GC invocations=44 (full 0):
 garbage-first heap   total 167936K, used 67759K [0x0000000740000000, 0x0000000800000000)
  region size 2048K, 1 young (2048K), 1 survivors (2048K)
 Metaspace       used 71400K, committed 73536K, reserved 1114112K
  class space    used 10165K, committed 11200K, reserved 1048576K
}
Event: 25.214 GC heap before
{Heap before GC invocations=45 (full 0):
 garbage-first heap   total 167936K, used 73903K [0x0000000740000000, 0x0000000800000000)
  region size 2048K, 3 young (6144K), 1 survivors (2048K)
 Metaspace       used 71516K, committed 73664K, reserved 1114112K
  class space    used 10165K, committed 11200K, reserved 1048576K
}
Event: 25.216 GC heap after
{Heap after GC invocations=46 (full 0):
 garbage-first heap   total 167936K, used 66478K [0x0000000740000000, 0x0000000800000000)
  region size 2048K, 1 young (2048K), 1 survivors (2048K)
 Metaspace       used 71516K, committed 73664K, reserved 1114112K
  class space    used 10165K, committed 11200K, reserved 1048576K
}
Event: 25.426 GC heap before
{Heap before GC invocations=47 (full 0):
 garbage-first heap   total 167936K, used 74670K [0x0000000740000000, 0x0000000800000000)
  region size 2048K, 2 young (4096K), 1 survivors (2048K)
 Metaspace       used 71522K, committed 73664K, reserved 1114112K
  class space    used 10165K, committed 11200K, reserved 1048576K
}
Event: 25.428 GC heap after
{Heap after GC invocations=48 (full 0):
 garbage-first heap   total 167936K, used 67782K [0x0000000740000000, 0x0000000800000000)
  region size 2048K, 1 young (2048K), 1 survivors (2048K)
 Metaspace       used 71522K, committed 73664K, reserved 1114112K
  class space    used 10165K, committed 11200K, reserved 1048576K
}
Event: 25.764 GC heap before
{Heap before GC invocations=49 (full 0):
 garbage-first heap   total 167936K, used 141510K [0x0000000740000000, 0x0000000800000000)
  region size 2048K, 29 young (59392K), 1 survivors (2048K)
 Metaspace       used 71648K, committed 73792K, reserved 1114112K
  class space    used 10176K, committed 11200K, reserved 1048576K
}
Event: 25.823 GC heap after
{Heap after GC invocations=50 (full 0):
 garbage-first heap   total 184320K, used 111616K [0x0000000740000000, 0x0000000800000000)
  region size 2048K, 4 young (8192K), 4 survivors (8192K)
 Metaspace       used 71648K, committed 73792K, reserved 1114112K
  class space    used 10176K, committed 11200K, reserved 1048576K
}
Event: 25.992 GC heap before
{Heap before GC invocations=50 (full 0):
 garbage-first heap   total 184320K, used 144384K [0x0000000740000000, 0x0000000800000000)
  region size 2048K, 20 young (40960K), 4 survivors (8192K)
 Metaspace       used 71648K, committed 73792K, reserved 1114112K
  class space    used 10176K, committed 11200K, reserved 1048576K
}
Event: 26.034 GC heap after
{Heap after GC invocations=51 (full 0):
 garbage-first heap   total 184320K, used 134144K [0x0000000740000000, 0x0000000800000000)
  region size 2048K, 3 young (6144K), 3 survivors (6144K)
 Metaspace       used 71648K, committed 73792K, reserved 1114112K
  class space    used 10176K, committed 11200K, reserved 1048576K
}
Event: 26.355 GC heap before
{Heap before GC invocations=52 (full 0):
 garbage-first heap   total 225280K, used 154624K [0x0000000740000000, 0x0000000800000000)
  region size 2048K, 13 young (26624K), 3 survivors (6144K)
 Metaspace       used 71648K, committed 73792K, reserved 1114112K
  class space    used 10176K, committed 11200K, reserved 1048576K
}
Event: 26.376 GC heap after
{Heap after GC invocations=53 (full 0):
 garbage-first heap   total 225280K, used 149504K [0x0000000740000000, 0x0000000800000000)
  region size 2048K, 2 young (4096K), 2 survivors (4096K)
 Metaspace       used 71648K, committed 73792K, reserved 1114112K
  class space    used 10176K, committed 11200K, reserved 1048576K
}
Event: 26.441 GC heap before
{Heap before GC invocations=53 (full 0):
 garbage-first heap   total 225280K, used 180224K [0x0000000740000000, 0x0000000800000000)
  region size 2048K, 17 young (34816K), 2 survivors (4096K)
 Metaspace       used 71679K, committed 73792K, reserved 1114112K
  class space    used 10178K, committed 11200K, reserved 1048576K
}
Event: 26.470 GC heap after
{Heap after GC invocations=54 (full 0):
 garbage-first heap   total 225280K, used 171008K [0x0000000740000000, 0x0000000800000000)
  region size 2048K, 3 young (6144K), 3 survivors (6144K)
 Metaspace       used 71679K, committed 73792K, reserved 1114112K
  class space    used 10178K, committed 11200K, reserved 1048576K
}
Event: 26.529 GC heap before
{Heap before GC invocations=54 (full 0):
 garbage-first heap   total 225280K, used 191488K [0x0000000740000000, 0x0000000800000000)
  region size 2048K, 13 young (26624K), 3 survivors (6144K)
 Metaspace       used 71762K, committed 73856K, reserved 1114112K
  class space    used 10188K, committed 11200K, reserved 1048576K
}
Event: 26.565 GC heap after
{Heap after GC invocations=55 (full 0):
 garbage-first heap   total 225280K, used 185344K [0x0000000740000000, 0x0000000800000000)
  region size 2048K, 2 young (4096K), 2 survivors (4096K)
 Metaspace       used 71762K, committed 73856K, reserved 1114112K
  class space    used 10188K, committed 11200K, reserved 1048576K
}
Event: 27.321 GC heap before
{Heap before GC invocations=56 (full 0):
 garbage-first heap   total 294912K, used 187392K [0x0000000740000000, 0x0000000800000000)
  region size 2048K, 8 young (16384K), 2 survivors (4096K)
 Metaspace       used 71762K, committed 73856K, reserved 1114112K
  class space    used 10188K, committed 11200K, reserved 1048576K
}
Event: 27.359 GC heap after
{Heap after GC invocations=57 (full 0):
 garbage-first heap   total 294912K, used 186368K [0x0000000740000000, 0x0000000800000000)
  region size 2048K, 1 young (2048K), 1 survivors (2048K)
 Metaspace       used 71762K, committed 73856K, reserved 1114112K
  class space    used 10188K, committed 11200K, reserved 1048576K
}
Event: 28.019 GC heap before
{Heap before GC invocations=57 (full 0):
 garbage-first heap   total 309248K, used 307200K [0x0000000740000000, 0x0000000800000000)
  region size 2048K, 8 young (16384K), 1 survivors (2048K)
 Metaspace       used 71856K, committed 73920K, reserved 1114112K
  class space    used 10188K, committed 11200K, reserved 1048576K
}

