# JRE version: OpenJDK Runtime Environment Temurin-21.0.9+10 (21.0.9+10) (build 21.0.9+10-LTS)
# Java VM: OpenJDK 64-Bit Server VM Temurin-21.0.9+10 (21.0.9+10-LTS, mixed mode, sharing, tiered, compressed oops, compressed class ptrs, g1 gc, windows-amd64)
GC Precious Log:
 CardTable entry size: 512
 Card Set container configuration: InlinePtr #cards 4 size 8 Array Of Cards #cards 16 size 48 Howl #buckets 8 coarsen threshold 3686 Howl Bitmap #cards 512 size 80 coarsen threshold 460 Card regions per heap region 1 cards per card region 4096
 CPUs: 2 total, 2 available
 Memory: 16251M
 Large Page Support: Disabled
 NUMA Support: Disabled
 Compressed Oops: Enabled (Zero based)
 Heap Region Size: 2M
 Heap Min Capacity: 8M
 Heap Initial Capacity: 254M
 Heap Max Capacity: 3G
 Pre-touch: Disabled
 Parallel Workers: 2
 Concurrent Workers: 1
 Concurrent Refinement Workers: 2
 Periodic GC: Disabled
Heap:
 garbage-first heap   total 753664K, used 595968K [0x0000000740000000, 0x0000000800000000)
  region size 2048K, 6 young (12288K), 6 survivors (12288K)
 Metaspace       used 76443K, committed 78656K, reserved 1179648K
  class space    used 10797K, committed 11904K, reserved 1048576K
GC Heap History (20 events):
Event: 39.023 GC heap after
{Heap after GC invocations=27 (full 0):
 garbage-first heap   total 333824K, used 203776K [0x0000000740000000, 0x0000000800000000)
  region size 2048K, 5 young (10240K), 5 survivors (10240K)
 Metaspace       used 74198K, committed 76288K, reserved 1179648K
  class space    used 10569K, committed 11584K, reserved 1048576K
}
Event: 40.824 GC heap before
{Heap before GC invocations=27 (full 0):
 garbage-first heap   total 333824K, used 265216K [0x0000000740000000, 0x0000000800000000)
  region size 2048K, 36 young (73728K), 5 survivors (10240K)
 Metaspace       used 74666K, committed 76736K, reserved 1179648K
  class space    used 10643K, committed 11648K, reserved 1048576K
}
Event: 40.853 GC heap after
{Heap after GC invocations=28 (full 0):
 garbage-first heap   total 333824K, used 207735K [0x0000000740000000, 0x0000000800000000)
  region size 2048K, 3 young (6144K), 3 survivors (6144K)
 Metaspace       used 74666K, committed 76736K, reserved 1179648K
  class space    used 10643K, committed 11648K, reserved 1048576K
}
Event: 41.567 GC heap before
{Heap before GC invocations=29 (full 0):
 garbage-first heap   total 333824K, used 195447K [0x0000000740000000, 0x0000000800000000)
  region size 2048K, 36 young (73728K), 3 survivors (6144K)
 Metaspace       used 74789K, committed 76864K, reserved 1179648K
  class space    used 10656K, committed 11648K, reserved 1048576K
}
Event: 41.622 GC heap after
{Heap after GC invocations=30 (full 0):
 garbage-first heap   total 333824K, used 158720K [0x0000000740000000, 0x0000000800000000)
  region size 2048K, 5 young (10240K), 5 survivors (10240K)
 Metaspace       used 74789K, committed 76864K, reserved 1179648K
  class space    used 10656K, committed 11648K, reserved 1048576K
}
Event: 41.801 GC heap before
{Heap before GC invocations=30 (full 0):
 garbage-first heap   total 333824K, used 242688K [0x0000000740000000, 0x0000000800000000)
  region size 2048K, 46 young (94208K), 5 survivors (10240K)
 Metaspace       used 74789K, committed 76864K, reserved 1179648K
  class space    used 10656K, committed 11648K, reserved 1048576K
}
Event: 41.912 GC heap after
{Heap after GC invocations=31 (full 0):
 garbage-first heap   total 333824K, used 204800K [0x0000000740000000, 0x0000000800000000)
  region size 2048K, 6 young (12288K), 6 survivors (12288K)
 Metaspace       used 74789K, committed 76864K, reserved 1179648K
  class space    used 10656K, committed 11648K, reserved 1048576K
}
Event: 42.018 GC heap before
{Heap before GC invocations=31 (full 0):
 garbage-first heap   total 333824K, used 237568K [0x0000000740000000, 0x0000000800000000)
  region size 2048K, 23 young (47104K), 6 survivors (12288K)
 Metaspace       used 74789K, committed 76864K, reserved 1179648K
  class space    used 10656K, committed 11648K, reserved 1048576K
}
Event: 42.082 GC heap after
{Heap after GC invocations=32 (full 0):
 garbage-first heap   total 753664K, used 231424K [0x0000000740000000, 0x0000000800000000)
  region size 2048K, 4 young (8192K), 4 survivors (8192K)
 Metaspace       used 74789K, committed 76864K, reserved 1179648K
  class space    used 10656K, committed 11648K, reserved 1048576K
}
Event: 42.364 GC heap before
{Heap before GC invocations=32 (full 0):
 garbage-first heap   total 753664K, used 368640K [0x0000000740000000, 0x0000000800000000)
  region size 2048K, 61 young (124928K), 4 survivors (8192K)
 Metaspace       used 74915K, committed 76992K, reserved 1179648K
  class space    used 10656K, committed 11648K, reserved 1048576K
}
Event: 42.481 GC heap after
{Heap after GC invocations=33 (full 0):
 garbage-first heap   total 753664K, used 318464K [0x0000000740000000, 0x0000000800000000)
  region size 2048K, 8 young (16384K), 8 survivors (16384K)
 Metaspace       used 74915K, committed 76992K, reserved 1179648K
  class space    used 10656K, committed 11648K, reserved 1048576K
}
Event: 42.514 GC heap before
{Heap before GC invocations=33 (full 0):
 garbage-first heap   total 753664K, used 359424K [0x0000000740000000, 0x0000000800000000)
  region size 2048K, 28 young (57344K), 8 survivors (16384K)
 Metaspace       used 74916K, committed 76992K, reserved 1179648K
  class space    used 10656K, committed 11648K, reserved 1048576K
}
Event: 42.605 GC heap after
{Heap after GC invocations=34 (full 0):
 garbage-first heap   total 753664K, used 349184K [0x0000000740000000, 0x0000000800000000)
  region size 2048K, 4 young (8192K), 4 survivors (8192K)
 Metaspace       used 74916K, committed 76992K, reserved 1179648K
  class space    used 10656K, committed 11648K, reserved 1048576K
}
Event: 84.282 GC heap before
{Heap before GC invocations=35 (full 0):
 garbage-first heap   total 753664K, used 662528K [0x0000000740000000, 0x0000000800000000)
  region size 2048K, 59 young (120832K), 4 survivors (8192K)
 Metaspace       used 76435K, committed 78656K, reserved 1179648K
  class space    used 10797K, committed 11904K, reserved 1048576K
}
Event: 84.368 GC heap after
{Heap after GC invocations=36 (full 0):
 garbage-first heap   total 753664K, used 390144K [0x0000000740000000, 0x0000000800000000)
  region size 2048K, 8 young (16384K), 8 survivors (16384K)
 Metaspace       used 76435K, committed 78656K, reserved 1179648K
  class space    used 10797K, committed 11904K, reserved 1048576K
}
Event: 84.862 GC heap before
{Heap before GC invocations=36 (full 0):
 garbage-first heap   total 753664K, used 490496K [0x0000000740000000, 0x0000000800000000)
  region size 2048K, 57 young (116736K), 8 survivors (16384K)
 Metaspace       used 76436K, committed 78656K, reserved 1179648K
  class space    used 10797K, committed 11904K, reserved 1048576K
}
Event: 84.970 GC heap after
{Heap after GC invocations=37 (full 0):
 garbage-first heap   total 753664K, used 457728K [0x0000000740000000, 0x0000000800000000)
  region size 2048K, 8 young (16384K), 8 survivors (16384K)
 Metaspace       used 76436K, committed 78656K, reserved 1179648K
  class space    used 10797K, committed 11904K, reserved 1048576K
}
Event: 85.329 GC heap before
{Heap before GC invocations=37 (full 0):
 garbage-first heap   total 753664K, used 590848K [0x0000000740000000, 0x0000000800000000)
  region size 2048K, 64 young (131072K), 8 survivors (16384K)
 Metaspace       used 76443K, committed 78656K, reserved 1179648K
  class space    used 10797K, committed 11904K, reserved 1048576K
}
Event: 85.630 GC heap after
{Heap after GC invocations=38 (full 0):
 garbage-first heap   total 753664K, used 538624K [0x0000000740000000, 0x0000000800000000)
  region size 2048K, 8 young (16384K), 8 survivors (16384K)
 Metaspace       used 76443K, committed 78656K, reserved 1179648K
  class space    used 10797K, committed 11904K, reserved 1048576K
}
Event: 85.706 GC heap before
{Heap before GC invocations=38 (full 0):
 garbage-first heap   total 753664K, used 618496K [0x0000000740000000, 0x0000000800000000)
  region size 2048K, 47 young (96256K), 8 survivors (16384K)
 Metaspace       used 76443K, committed 78656K, reserved 1179648K
  class space    used 10797K, committed 11904K, reserved 1048576K
}

