# JRE version: OpenJDK Runtime Environment Temurin-21.0.9+10 (21.0.9+10) (build 21.0.9+10-LTS)
# Java VM: OpenJDK 64-Bit Server VM Temurin-21.0.9+10 (21.0.9+10-LTS, mixed mode, sharing, tiered, compressed oops, compressed class ptrs, g1 gc, windows-amd64)
GC Precious Log:
 CardTable entry size: 512
 Card Set container configuration: InlinePtr #cards 4 size 8 Array Of Cards #cards 16 size 48 Howl #buckets 8 coarsen threshold 3686 Howl Bitmap #cards 512 size 80 coarsen threshold 460 Card regions per heap region 1 cards per card region 4096
 CPUs: 2 total, 2 available
 Memory: 16251M
 Large Page Support: Disabled
 NUMA Support: Disabled
 Compressed Oops: Enabled (Zero based)
 Heap Region Size: 2M
 Heap Min Capacity: 8M
 Heap Initial Capacity: 254M
 Heap Max Capacity: 3G
 Pre-touch: Disabled
 Parallel Workers: 2
 Concurrent Workers: 1
 Concurrent Refinement Workers: 2
 Periodic GC: Disabled
Heap:
 garbage-first heap   total 356352K, used 245760K [0x0000000740000000, 0x0000000800000000)
  region size 2048K, 5 young (10240K), 5 survivors (10240K)
 Metaspace       used 82025K, committed 84224K, reserved 1179648K
  class space    used 11900K, committed 12992K, reserved 1048576K
GC Heap History (20 events):
Event: 33.511 GC heap after
{Heap after GC invocations=34 (full 0):
 garbage-first heap   total 249856K, used 139264K [0x0000000740000000, 0x0000000800000000)
  region size 2048K, 6 young (12288K), 6 survivors (12288K)
 Metaspace       used 79057K, committed 81152K, reserved 1179648K
  class space    used 11527K, committed 12544K, reserved 1048576K
}
Event: 33.739 GC heap before
{Heap before GC invocations=34 (full 0):
 garbage-first heap   total 249856K, used 196608K [0x0000000740000000, 0x0000000800000000)
  region size 2048K, 34 young (69632K), 6 survivors (12288K)
 Metaspace       used 79057K, committed 81152K, reserved 1179648K
  class space    used 11527K, committed 12544K, reserved 1048576K
}
Event: 33.802 GC heap after
{Heap after GC invocations=35 (full 0):
 garbage-first heap   total 249856K, used 175104K [0x0000000740000000, 0x0000000800000000)
  region size 2048K, 5 young (10240K), 5 survivors (10240K)
 Metaspace       used 79057K, committed 81152K, reserved 1179648K
  class space    used 11527K, committed 12544K, reserved 1048576K
}
Event: 34.041 GC heap before
{Heap before GC invocations=35 (full 0):
 garbage-first heap   total 249856K, used 207872K [0x0000000740000000, 0x0000000800000000)
  region size 2048K, 21 young (43008K), 5 survivors (10240K)
 Metaspace       used 79167K, committed 81280K, reserved 1179648K
  class space    used 11538K, committed 12544K, reserved 1048576K
}
Event: 34.086 GC heap after
{Heap after GC invocations=36 (full 0):
 garbage-first heap   total 249856K, used 197632K [0x0000000740000000, 0x0000000800000000)
  region size 2048K, 3 young (6144K), 3 survivors (6144K)
 Metaspace       used 79167K, committed 81280K, reserved 1179648K
  class space    used 11538K, committed 12544K, reserved 1048576K
}
Event: 35.233 GC heap before
{Heap before GC invocations=37 (full 0):
 garbage-first heap   total 315392K, used 218112K [0x0000000740000000, 0x0000000800000000)
  region size 2048K, 13 young (26624K), 3 survivors (6144K)
 Metaspace       used 79196K, committed 81344K, reserved 1179648K
  class space    used 11540K, committed 12544K, reserved 1048576K
}
Event: 35.279 GC heap after
{Heap after GC invocations=38 (full 0):
 garbage-first heap   total 315392K, used 202752K [0x0000000740000000, 0x0000000800000000)
  region size 2048K, 2 young (4096K), 2 survivors (4096K)
 Metaspace       used 79196K, committed 81344K, reserved 1179648K
  class space    used 11540K, committed 12544K, reserved 1048576K
}
Event: 36.278 GC heap before
{Heap before GC invocations=38 (full 0):
 garbage-first heap   total 329728K, used 329728K [0x0000000740000000, 0x0000000800000000)
  region size 2048K, 5 young (10240K), 2 survivors (4096K)
 Metaspace       used 79507K, committed 81600K, reserved 1179648K
  class space    used 11540K, committed 12544K, reserved 1048576K
}
Event: 36.294 GC heap after
{Heap after GC invocations=39 (full 0):
 garbage-first heap   total 337920K, used 202156K [0x0000000740000000, 0x0000000800000000)
  region size 2048K, 1 young (2048K), 1 survivors (2048K)
 Metaspace       used 79507K, committed 81600K, reserved 1179648K
  class space    used 11540K, committed 12544K, reserved 1048576K
}
Event: 38.848 GC heap before
{Heap before GC invocations=39 (full 0):
 garbage-first heap   total 337920K, used 255404K [0x0000000740000000, 0x0000000800000000)
  region size 2048K, 27 young (55296K), 1 survivors (2048K)
 Metaspace       used 80178K, committed 82304K, reserved 1179648K
  class space    used 11656K, committed 12672K, reserved 1048576K
}
Event: 38.883 GC heap after
{Heap after GC invocations=40 (full 0):
 garbage-first heap   total 337920K, used 216792K [0x0000000740000000, 0x0000000800000000)
  region size 2048K, 4 young (8192K), 4 survivors (8192K)
 Metaspace       used 80178K, committed 82304K, reserved 1179648K
  class space    used 11656K, committed 12672K, reserved 1048576K
}
Event: 48.059 GC heap before
{Heap before GC invocations=41 (full 0):
 garbage-first heap   total 337920K, used 163544K [0x0000000740000000, 0x0000000800000000)
  region size 2048K, 29 young (59392K), 4 survivors (8192K)
 Metaspace       used 81677K, committed 83904K, reserved 1179648K
  class space    used 11882K, committed 12992K, reserved 1048576K
}
Event: 48.103 GC heap after
{Heap after GC invocations=42 (full 0):
 garbage-first heap   total 337920K, used 123635K [0x0000000740000000, 0x0000000800000000)
  region size 2048K, 4 young (8192K), 4 survivors (8192K)
 Metaspace       used 81677K, committed 83904K, reserved 1179648K
  class space    used 11882K, committed 12992K, reserved 1048576K
}
Event: 52.762 GC heap before
{Heap before GC invocations=42 (full 0):
 garbage-first heap   total 337920K, used 221939K [0x0000000740000000, 0x0000000800000000)
  region size 2048K, 53 young (108544K), 4 survivors (8192K)
 Metaspace       used 81813K, committed 84096K, reserved 1179648K
  class space    used 11891K, committed 12992K, reserved 1048576K
}
Event: 52.798 GC heap after
{Heap after GC invocations=43 (full 0):
 garbage-first heap   total 337920K, used 128593K [0x0000000740000000, 0x0000000800000000)
  region size 2048K, 4 young (8192K), 4 survivors (8192K)
 Metaspace       used 81813K, committed 84096K, reserved 1179648K
  class space    used 11891K, committed 12992K, reserved 1048576K
}
Event: 53.180 GC heap before
{Heap before GC invocations=43 (full 0):
 garbage-first heap   total 337920K, used 130641K [0x0000000740000000, 0x0000000800000000)
  region size 2048K, 7 young (14336K), 4 survivors (8192K)
 Metaspace       used 81925K, committed 84096K, reserved 1179648K
  class space    used 11900K, committed 12992K, reserved 1048576K
}
Event: 53.195 GC heap after
{Heap after GC invocations=44 (full 0):
 garbage-first heap   total 337920K, used 130546K [0x0000000740000000, 0x0000000800000000)
  region size 2048K, 5 young (10240K), 5 survivors (10240K)
 Metaspace       used 81925K, committed 84096K, reserved 1179648K
  class space    used 11900K, committed 12992K, reserved 1048576K
}
Event: 53.654 GC heap before
{Heap before GC invocations=45 (full 0):
 garbage-first heap   total 337920K, used 263666K [0x0000000740000000, 0x0000000800000000)
  region size 2048K, 63 young (129024K), 5 survivors (10240K)
 Metaspace       used 81926K, committed 84096K, reserved 1179648K
  class space    used 11900K, committed 12992K, reserved 1048576K
}
Event: 53.836 GC heap after
{Heap after GC invocations=46 (full 0):
 garbage-first heap   total 356352K, used 214016K [0x0000000740000000, 0x0000000800000000)
  region size 2048K, 8 young (16384K), 8 survivors (16384K)
 Metaspace       used 81926K, committed 84096K, reserved 1179648K
  class space    used 11900K, committed 12992K, reserved 1048576K
}
Event: 54.398 GC heap before
{Heap before GC invocations=46 (full 0):
 garbage-first heap   total 356352K, used 281600K [0x0000000740000000, 0x0000000800000000)
  region size 2048K, 40 young (81920K), 8 survivors (16384K)
 Metaspace       used 82025K, committed 84224K, reserved 1179648K
  class space    used 11900K, committed 12992K, reserved 1048576K
}

