# JRE version: OpenJDK Runtime Environment Temurin-21.0.9+10 (21.0.9+10) (build 21.0.9+10-LTS)
# Java VM: OpenJDK 64-Bit Server VM Temurin-21.0.9+10 (21.0.9+10-LTS, mixed mode, sharing, tiered, compressed oops, compressed class ptrs, g1 gc, windows-amd64)
GC Precious Log:
 CardTable entry size: 512
 Card Set container configuration: InlinePtr #cards 4 size 8 Array Of Cards #cards 16 size 48 Howl #buckets 8 coarsen threshold 3686 Howl Bitmap #cards 512 size 80 coarsen threshold 460 Card regions per heap region 1 cards per card region 4096
 CPUs: 2 total, 2 available
 Memory: 16251M
 Large Page Support: Disabled
 NUMA Support: Disabled
 Compressed Oops: Enabled (Zero based)
 Heap Region Size: 2M
 Heap Min Capacity: 8M
 Heap Initial Capacity: 254M
 Heap Max Capacity: 3G
 Pre-touch: Disabled
 Parallel Workers: 2
 Concurrent Workers: 1
 Concurrent Refinement Workers: 2
 Periodic GC: Disabled
Heap:
 garbage-first heap   total 260096K, used 207872K [0x0000000740000000, 0x0000000800000000)
  region size 2048K, 2 young (4096K), 2 survivors (4096K)
 Metaspace       used 74993K, committed 77056K, reserved 1179648K
  class space    used 10507K, committed 11520K, reserved 1048576K
GC Heap History (20 events):
Event: 30.277 GC heap after
{Heap after GC invocations=19 (full 0):
 garbage-first heap   total 110592K, used 54999K [0x0000000740000000, 0x0000000800000000)
  region size 2048K, 4 young (8192K), 4 survivors (8192K)
 Metaspace       used 66976K, committed 68800K, reserved 1114112K
  class space    used 9338K, committed 10240K, reserved 1048576K
}
Event: 31.387 GC heap before
{Heap before GC invocations=19 (full 0):
 garbage-first heap   total 110592K, used 98007K [0x0000000740000000, 0x0000000800000000)
  region size 2048K, 25 young (51200K), 4 survivors (8192K)
 Metaspace       used 68293K, committed 70208K, reserved 1114112K
  class space    used 9557K, committed 10496K, reserved 1048576K
}
Event: 31.403 GC heap after
{Heap after GC invocations=20 (full 0):
 garbage-first heap   total 112640K, used 59888K [0x0000000740000000, 0x0000000800000000)
  region size 2048K, 3 young (6144K), 3 survivors (6144K)
 Metaspace       used 68293K, committed 70208K, reserved 1114112K
  class space    used 9557K, committed 10496K, reserved 1048576K
}
Event: 34.699 GC heap before
{Heap before GC invocations=21 (full 0):
 garbage-first heap   total 135168K, used 133616K [0x0000000740000000, 0x0000000800000000)
  region size 2048K, 19 young (38912K), 3 survivors (6144K)
 Metaspace       used 70298K, committed 72192K, reserved 1114112K
  class space    used 9802K, committed 10688K, reserved 1048576K
}
Event: 34.713 GC heap after
{Heap after GC invocations=22 (full 0):
 garbage-first heap   total 143360K, used 62415K [0x0000000740000000, 0x0000000800000000)
  region size 2048K, 2 young (4096K), 2 survivors (4096K)
 Metaspace       used 70298K, committed 72192K, reserved 1114112K
  class space    used 9802K, committed 10688K, reserved 1048576K
}
Event: 37.662 GC heap before
{Heap before GC invocations=22 (full 0):
 garbage-first heap   total 143360K, used 142287K [0x0000000740000000, 0x0000000800000000)
  region size 2048K, 15 young (30720K), 2 survivors (4096K)
 Metaspace       used 71564K, committed 73536K, reserved 1114112K
  class space    used 9963K, committed 10944K, reserved 1048576K
}
Event: 37.678 GC heap after
{Heap after GC invocations=23 (full 0):
 garbage-first heap   total 149504K, used 62905K [0x0000000740000000, 0x0000000800000000)
  region size 2048K, 2 young (4096K), 2 survivors (4096K)
 Metaspace       used 71564K, committed 73536K, reserved 1114112K
  class space    used 9963K, committed 10944K, reserved 1048576K
}
Event: 40.431 GC heap before
{Heap before GC invocations=23 (full 0):
 garbage-first heap   total 149504K, used 114105K [0x0000000740000000, 0x0000000800000000)
  region size 2048K, 28 young (57344K), 2 survivors (4096K)
 Metaspace       used 74510K, committed 76608K, reserved 1114112K
  class space    used 10484K, committed 11520K, reserved 1048576K
}
Event: 40.447 GC heap after
{Heap after GC invocations=24 (full 0):
 garbage-first heap   total 149504K, used 69432K [0x0000000740000000, 0x0000000800000000)
  region size 2048K, 5 young (10240K), 5 survivors (10240K)
 Metaspace       used 74510K, committed 76608K, reserved 1114112K
  class space    used 10484K, committed 11520K, reserved 1048576K
}
Event: 41.081 GC heap before
{Heap before GC invocations=25 (full 0):
 garbage-first heap   total 149504K, used 147256K [0x0000000740000000, 0x0000000800000000)
  region size 2048K, 28 young (57344K), 5 survivors (10240K)
 Metaspace       used 74715K, committed 76800K, reserved 1179648K
  class space    used 10495K, committed 11520K, reserved 1048576K
}
Event: 41.144 GC heap after
{Heap after GC invocations=26 (full 0):
 garbage-first heap   total 190464K, used 106496K [0x0000000740000000, 0x0000000800000000)
  region size 2048K, 5 young (10240K), 5 survivors (10240K)
 Metaspace       used 74715K, committed 76800K, reserved 1179648K
  class space    used 10495K, committed 11520K, reserved 1048576K
}
Event: 41.531 GC heap before
{Heap before GC invocations=26 (full 0):
 garbage-first heap   total 190464K, used 149504K [0x0000000740000000, 0x0000000800000000)
  region size 2048K, 26 young (53248K), 5 survivors (10240K)
 Metaspace       used 74721K, committed 76800K, reserved 1179648K
  class space    used 10495K, committed 11520K, reserved 1048576K
}
Event: 41.578 GC heap after
{Heap after GC invocations=27 (full 0):
 garbage-first heap   total 192512K, used 136192K [0x0000000740000000, 0x0000000800000000)
  region size 2048K, 4 young (8192K), 4 survivors (8192K)
 Metaspace       used 74721K, committed 76800K, reserved 1179648K
  class space    used 10495K, committed 11520K, reserved 1048576K
}
Event: 41.718 GC heap before
{Heap before GC invocations=27 (full 0):
 garbage-first heap   total 192512K, used 160768K [0x0000000740000000, 0x0000000800000000)
  region size 2048K, 16 young (32768K), 4 survivors (8192K)
 Metaspace       used 74721K, committed 76800K, reserved 1179648K
  class space    used 10495K, committed 11520K, reserved 1048576K
}
Event: 41.742 GC heap after
{Heap after GC invocations=28 (full 0):
 garbage-first heap   total 192512K, used 154624K [0x0000000740000000, 0x0000000800000000)
  region size 2048K, 2 young (4096K), 2 survivors (4096K)
 Metaspace       used 74721K, committed 76800K, reserved 1179648K
  class space    used 10495K, committed 11520K, reserved 1048576K
}
Event: 41.987 GC heap before
{Heap before GC invocations=28 (full 0):
 garbage-first heap   total 260096K, used 168960K [0x0000000740000000, 0x0000000800000000)
  region size 2048K, 9 young (18432K), 2 survivors (4096K)
 Metaspace       used 74721K, committed 76800K, reserved 1179648K
  class space    used 10495K, committed 11520K, reserved 1048576K
}
Event: 42.002 GC heap after
{Heap after GC invocations=29 (full 0):
 garbage-first heap   total 260096K, used 165888K [0x0000000740000000, 0x0000000800000000)
  region size 2048K, 2 young (4096K), 2 survivors (4096K)
 Metaspace       used 74721K, committed 76800K, reserved 1179648K
  class space    used 10495K, committed 11520K, reserved 1048576K
}
Event: 42.157 GC heap before
{Heap before GC invocations=30 (full 0):
 garbage-first heap   total 260096K, used 202752K [0x0000000740000000, 0x0000000800000000)
  region size 2048K, 20 young (40960K), 2 survivors (4096K)
 Metaspace       used 74836K, committed 76928K, reserved 1179648K
  class space    used 10506K, committed 11520K, reserved 1048576K
}
Event: 42.200 GC heap after
{Heap after GC invocations=31 (full 0):
 garbage-first heap   total 260096K, used 191488K [0x0000000740000000, 0x0000000800000000)
  region size 2048K, 3 young (6144K), 3 survivors (6144K)
 Metaspace       used 74836K, committed 76928K, reserved 1179648K
  class space    used 10506K, committed 11520K, reserved 1048576K
}
Event: 43.450 GC heap before
{Heap before GC invocations=31 (full 0):
 garbage-first heap   total 260096K, used 232448K [0x0000000740000000, 0x0000000800000000)
  region size 2048K, 15 young (30720K), 3 survivors (6144K)
 Metaspace       used 74993K, committed 77056K, reserved 1179648K
  class space    used 10507K, committed 11520K, reserved 1048576K
}

